Determining if the pthread_create exist failed with the following output:
Change Dir: /home/lucas/myrobot_ws/build/CMakeFiles/CMakeTmp

Run Build Command:"/usr/bin/make" "cmTC_7b87f/fast"
/usr/bin/make -f CMakeFiles/cmTC_7b87f.dir/build.make CMakeFiles/cmTC_7b87f.dir/build
make[1]: Entering directory '/home/lucas/myrobot_ws/build/CMakeFiles/CMakeTmp'
Building C object CMakeFiles/cmTC_7b87f.dir/CheckSymbolExists.c.o
/usr/bin/cc    -o CMakeFiles/cmTC_7b87f.dir/CheckSymbolExists.c.o   -c /home/lucas/myrobot_ws/build/CMakeFiles/CMakeTmp/CheckSymbolExists.c
Linking C executable cmTC_7b87f
/usr/bin/cmake -E cmake_link_script CMakeFiles/cmTC_7b87f.dir/link.txt --verbose=1
/usr/bin/cc      -rdynamic CMakeFiles/cmTC_7b87f.dir/CheckSymbolExists.c.o  -o cmTC_7b87f 
CMakeFiles/cmTC_7b87f.dir/CheckSymbolExists.c.o: In function `main':
CheckSymbolExists.c:(.text+0x14): undefined reference to `pthread_create'
CheckSymbolExists.c:(.text+0x18): undefined reference to `pthread_create'
collect2: error: ld returned 1 exit status
CMakeFiles/cmTC_7b87f.dir/build.make:97: recipe for target 'cmTC_7b87f' failed
make[1]: *** [cmTC_7b87f] Error 1
make[1]: Leaving directory '/home/lucas/myrobot_ws/build/CMakeFiles/CMakeTmp'
Makefile:126: recipe for target 'cmTC_7b87f/fast' failed
make: *** [cmTC_7b87f/fast] Error 2

File /home/lucas/myrobot_ws/build/CMakeFiles/CMakeTmp/CheckSymbolExists.c:
/* */
#include <pthread.h>

int main(int argc, char** argv)
{
  (void)argv;
#ifndef pthread_create
  return ((int*)(&pthread_create))[argc];
#else
  (void)argc;
  return 0;
#endif
}

Determining if the function pthread_create exists in the pthreads failed with the following output:
Change Dir: /home/lucas/myrobot_ws/build/CMakeFiles/CMakeTmp

Run Build Command:"/usr/bin/make" "cmTC_fe01c/fast"
/usr/bin/make -f CMakeFiles/cmTC_fe01c.dir/build.make CMakeFiles/cmTC_fe01c.dir/build
make[1]: Entering directory '/home/lucas/myrobot_ws/build/CMakeFiles/CMakeTmp'
Building C object CMakeFiles/cmTC_fe01c.dir/CheckFunctionExists.c.o
/usr/bin/cc   -DCHECK_FUNCTION_EXISTS=pthread_create   -o CMakeFiles/cmTC_fe01c.dir/CheckFunctionExists.c.o   -c /usr/share/cmake-3.10/Modules/CheckFunctionExists.c
Linking C executable cmTC_fe01c
/usr/bin/cmake -E cmake_link_script CMakeFiles/cmTC_fe01c.dir/link.txt --verbose=1
/usr/bin/cc  -DCHECK_FUNCTION_EXISTS=pthread_create    -rdynamic CMakeFiles/cmTC_fe01c.dir/CheckFunctionExists.c.o  -o cmTC_fe01c -lpthreads 
/usr/bin/ld: cannot find -lpthreads
collect2: error: ld returned 1 exit status
CMakeFiles/cmTC_fe01c.dir/build.make:97: recipe for target 'cmTC_fe01c' failed
make[1]: *** [cmTC_fe01c] Error 1
make[1]: Leaving directory '/home/lucas/myrobot_ws/build/CMakeFiles/CMakeTmp'
Makefile:126: recipe for target 'cmTC_fe01c/fast' failed
make: *** [cmTC_fe01c/fast] Error 2


